{"/Users/stevewashington/Documents/Projects/genmo-v2/__tests__/stories/index.js": {"path":"/Users/stevewashington/Documents/Projects/genmo-v2/__tests__/stories/index.js","statementMap":{"0":{"start":{"line":1,"column":15},"end":{"line":1,"column":47}},"1":{"start":{"line":2,"column":18},"end":{"line":2,"column":53}},"2":{"start":{"line":4,"column":0},"end":{"line":7,"column":2}}},"fnMap":{},"branchMap":{},"s":{"0":1,"1":1,"2":1},"f":{},"b":{},"_coverageSchema":"43e27e138ebf9cfc5966b082cf9a028302ed4184","hash":"070d2c8dab108bdae7ad14eb2bbe7aacc815cb59"}
,"/Users/stevewashington/Documents/Projects/genmo-v2/src/index.js": {"path":"/Users/stevewashington/Documents/Projects/genmo-v2/src/index.js","statementMap":{"0":{"start":{"line":1,"column":0},"end":{"line":1,"column":null}},"1":{"start":{"line":2,"column":0},"end":{"line":2,"column":null}},"2":{"start":{"line":3,"column":0},"end":{"line":3,"column":null}},"3":{"start":{"line":6,"column":36},"end":{"line":6,"column":35}},"4":{"start":{"line":6,"column":36},"end":{"line":6,"column":null}},"5":{"start":{"line":7,"column":4},"end":{"line":7,"column":null}},"6":{"start":{"line":11,"column":10},"end":{"line":12,"column":19}},"7":{"start":{"line":12,"column":12},"end":{"line":12,"column":19}},"8":{"start":{"line":14,"column":10},"end":{"line":14,"column":17}},"9":{"start":{"line":14,"column":42},"end":{"line":14,"column":46}},"10":{"start":{"line":21,"column":4},"end":{"line":23,"column":null}},"11":{"start":{"line":22,"column":6},"end":{"line":22,"column":12}},"12":{"start":{"line":25,"column":4},"end":{"line":25,"column":9}},"13":{"start":{"line":27,"column":4},"end":{"line":27,"column":9}},"14":{"start":{"line":31,"column":4},"end":{"line":31,"column":11}},"15":{"start":{"line":33,"column":22},"end":{"line":33,"column":null}},"16":{"start":{"line":34,"column":17},"end":{"line":34,"column":null}},"17":{"start":{"line":38,"column":4},"end":{"line":38,"column":11}},"18":{"start":{"line":40,"column":4},"end":{"line":40,"column":11}},"19":{"start":{"line":41,"column":15},"end":{"line":41,"column":19}},"20":{"start":{"line":42,"column":15},"end":{"line":42,"column":19}},"21":{"start":{"line":44,"column":4},"end":{"line":44,"column":11}},"22":{"start":{"line":47,"column":4},"end":{"line":47,"column":42}},"23":{"start":{"line":47,"column":35},"end":{"line":47,"column":42}},"24":{"start":{"line":48,"column":18},"end":{"line":48,"column":25}},"25":{"start":{"line":49,"column":17},"end":{"line":49,"column":23}},"26":{"start":{"line":51,"column":4},"end":{"line":51,"column":11}},"27":{"start":{"line":54,"column":4},"end":{"line":59,"column":null}},"28":{"start":{"line":55,"column":6},"end":{"line":55,"column":13}},"29":{"start":{"line":61,"column":14},"end":{"line":61,"column":null}},"30":{"start":{"line":62,"column":4},"end":{"line":64,"column":null}},"31":{"start":{"line":63,"column":6},"end":{"line":63,"column":9}},"32":{"start":{"line":66,"column":23},"end":{"line":66,"column":28}},"33":{"start":{"line":66,"column":61},"end":{"line":66,"column":65}},"34":{"start":{"line":67,"column":4},"end":{"line":72,"column":null}},"35":{"start":{"line":68,"column":6},"end":{"line":68,"column":13}},"36":{"start":{"line":74,"column":24},"end":{"line":74,"column":29}},"37":{"start":{"line":75,"column":7},"end":{"line":75,"column":11}},"38":{"start":{"line":77,"column":4},"end":{"line":84,"column":null}},"39":{"start":{"line":78,"column":6},"end":{"line":78,"column":13}},"40":{"start":{"line":53,"column":46},"end":{"line":53,"column":null}},"41":{"start":{"line":53,"column":32},"end":{"line":53,"column":null}},"42":{"start":{"line":86,"column":4},"end":{"line":86,"column":9}}},"fnMap":{"0":{"name":"Genmo","decl":{"start":{"line":6,"column":2},"end":{"line":6,"column":14}},"loc":{"start":{"line":6,"column":36},"end":{"line":29,"column":null}}},"1":{"name":"(anonymous_20)","decl":{"start":{"line":10,"column":25},"end":{"line":10,"column":31}},"loc":{"start":{"line":10,"column":31},"end":{"line":15,"column":null}}},"2":{"name":"(anonymous_21)","decl":{"start":{"line":14,"column":41},"end":{"line":14,"column":42}},"loc":{"start":{"line":14,"column":42},"end":{"line":14,"column":46}}},"3":{"name":"(anonymous_24)","decl":{"start":{"line":41,"column":11},"end":{"line":41,"column":15}},"loc":{"start":{"line":41,"column":15},"end":{"line":41,"column":19}}},"4":{"name":"(anonymous_25)","decl":{"start":{"line":42,"column":14},"end":{"line":42,"column":15}},"loc":{"start":{"line":42,"column":15},"end":{"line":42,"column":19}}},"5":{"name":"(anonymous_28)","decl":{"start":{"line":66,"column":60},"end":{"line":66,"column":61}},"loc":{"start":{"line":66,"column":61},"end":{"line":66,"column":65}}},"6":{"name":"(anonymous_29)","decl":{"start":{"line":75,"column":6},"end":{"line":75,"column":7}},"loc":{"start":{"line":75,"column":7},"end":{"line":75,"column":11}}}},"branchMap":{"0":{"loc":{"start":{"line":6,"column":36},"end":{"line":6,"column":null}},"type":"cond-expr","locations":[{"start":{"line":6,"column":36},"end":{"line":6,"column":null}},{"start":{"line":6,"column":32},"end":{"line":6,"column":36}}]},"1":{"loc":{"start":{"line":6,"column":36},"end":{"line":6,"column":null}},"type":"binary-expr","locations":[{"start":{"line":6,"column":36},"end":{"line":6,"column":null}},{"start":{"line":6,"column":36},"end":{"line":6,"column":null}}]},"2":{"loc":{"start":{"line":11,"column":10},"end":{"line":12,"column":19}},"type":"if","locations":[{"start":{"line":11,"column":10},"end":{"line":12,"column":19}},{"start":{"line":11,"column":10},"end":{"line":12,"column":19}}]},"3":{"loc":{"start":{"line":11,"column":14},"end":{"line":11,"column":28}},"type":"binary-expr","locations":[{"start":{"line":11,"column":14},"end":{"line":11,"column":28}},{"start":{"line":11,"column":28},"end":{"line":11,"column":51}},{"start":{"line":11,"column":51},"end":{"line":11,"column":null}}]},"4":{"loc":{"start":{"line":21,"column":4},"end":{"line":23,"column":null}},"type":"if","locations":[{"start":{"line":21,"column":4},"end":{"line":23,"column":null}},{"start":{"line":21,"column":4},"end":{"line":23,"column":null}}]},"5":{"loc":{"start":{"line":21,"column":8},"end":{"line":21,"column":22}},"type":"binary-expr","locations":[{"start":{"line":21,"column":8},"end":{"line":21,"column":22}},{"start":{"line":21,"column":22},"end":{"line":21,"column":45}},{"start":{"line":21,"column":45},"end":{"line":21,"column":73}}]},"6":{"loc":{"start":{"line":26,"column":6},"end":{"line":26,"column":30}},"type":"binary-expr","locations":[{"start":{"line":26,"column":6},"end":{"line":26,"column":30}},{"start":{"line":26,"column":30},"end":{"line":26,"column":37}},{"start":{"line":26,"column":41},"end":{"line":26,"column":57}},{"start":{"line":26,"column":57},"end":{"line":26,"column":null}}]},"7":{"loc":{"start":{"line":28,"column":6},"end":{"line":28,"column":29}},"type":"binary-expr","locations":[{"start":{"line":28,"column":6},"end":{"line":28,"column":29}},{"start":{"line":28,"column":29},"end":{"line":28,"column":36}},{"start":{"line":28,"column":40},"end":{"line":28,"column":57}},{"start":{"line":28,"column":57},"end":{"line":28,"column":null}}]},"8":{"loc":{"start":{"line":47,"column":4},"end":{"line":47,"column":42}},"type":"if","locations":[{"start":{"line":47,"column":4},"end":{"line":47,"column":42}},{"start":{"line":47,"column":4},"end":{"line":47,"column":42}}]},"9":{"loc":{"start":{"line":47,"column":8},"end":{"line":47,"column":20}},"type":"binary-expr","locations":[{"start":{"line":47,"column":8},"end":{"line":47,"column":20}},{"start":{"line":47,"column":20},"end":{"line":47,"column":35}}]},"10":{"loc":{"start":{"line":54,"column":4},"end":{"line":59,"column":null}},"type":"if","locations":[{"start":{"line":54,"column":4},"end":{"line":59,"column":null}},{"start":{"line":54,"column":4},"end":{"line":59,"column":null}}]},"11":{"loc":{"start":{"line":62,"column":4},"end":{"line":64,"column":null}},"type":"if","locations":[{"start":{"line":62,"column":4},"end":{"line":64,"column":null}},{"start":{"line":62,"column":4},"end":{"line":64,"column":null}}]},"12":{"loc":{"start":{"line":67,"column":4},"end":{"line":72,"column":null}},"type":"if","locations":[{"start":{"line":67,"column":4},"end":{"line":72,"column":null}},{"start":{"line":67,"column":4},"end":{"line":72,"column":null}}]},"13":{"loc":{"start":{"line":77,"column":4},"end":{"line":84,"column":null}},"type":"if","locations":[{"start":{"line":77,"column":4},"end":{"line":84,"column":null}},{"start":{"line":77,"column":4},"end":{"line":84,"column":null}}]},"14":{"loc":{"start":{"line":53,"column":46},"end":{"line":53,"column":null}},"type":"cond-expr","locations":[{"start":{"line":53,"column":46},"end":{"line":53,"column":null}},{"start":{"line":53,"column":46},"end":{"line":53,"column":null}}]}},"s":{"0":1,"1":1,"2":1,"3":11,"4":21,"5":11,"6":11,"7":1,"8":10,"9":10,"10":11,"11":1,"12":10,"13":10,"14":6,"15":6,"16":6,"17":6,"18":6,"19":24,"20":24,"21":6,"22":6,"23":0,"24":6,"25":6,"26":6,"27":9,"28":1,"29":8,"30":8,"31":1,"32":8,"33":15,"34":8,"35":1,"36":7,"37":15,"38":7,"39":0,"40":28,"41":0,"42":7},"f":{"0":11,"1":11,"2":10,"3":24,"4":24,"5":15,"6":15},"b":{"0":[9,2],"1":[11,9],"2":[1,10],"3":[11,10,10],"4":[1,10],"5":[11,10,10],"6":[10,1,1,0],"7":[10,1,1,0],"8":[0,6],"9":[6,6],"10":[1,8],"11":[1,7],"12":[1,7],"13":[0,7],"14":[0,7]}}
,"/Users/stevewashington/Documents/Projects/genmo-v2/src/state/genmoReducers.js": {"path":"/Users/stevewashington/Documents/Projects/genmo-v2/src/state/genmoReducers.js","statementMap":{"0":{"start":{"line":1,"column":23},"end":{"line":1,"column":null}},"1":{"start":{"line":8,"column":23},"end":{"line":8,"column":null}},"2":{"start":{"line":11,"column":2},"end":{"line":59,"column":null}},"3":{"start":{"line":12,"column":27},"end":{"line":12,"column":null}},"4":{"start":{"line":13,"column":14},"end":{"line":13,"column":22}},"5":{"start":{"line":14,"column":25},"end":{"line":14,"column":3}},"6":{"start":{"line":15,"column":20},"end":{"line":15,"column":26}},"7":{"start":{"line":16,"column":6},"end":{"line":16,"column":13}},"8":{"start":{"line":20,"column":4},"end":{"line":30,"column":null}},"9":{"start":{"line":21,"column":6},"end":{"line":21,"column":13}},"10":{"start":{"line":23,"column":6},"end":{"line":29,"column":null}},"11":{"start":{"line":24,"column":8},"end":{"line":24,"column":15}},"12":{"start":{"line":32,"column":4},"end":{"line":52,"column":null}},"13":{"start":{"line":33,"column":6},"end":{"line":33,"column":12}},"14":{"start":{"line":33,"column":56},"end":{"line":33,"column":null}},"15":{"start":{"line":34,"column":29},"end":{"line":34,"column":34}},"16":{"start":{"line":35,"column":8},"end":{"line":50,"column":null}},"17":{"start":{"line":36,"column":10},"end":{"line":38,"column":null}},"18":{"start":{"line":37,"column":12},"end":{"line":37,"column":16}},"19":{"start":{"line":39,"column":28},"end":{"line":39,"column":null}},"20":{"start":{"line":40,"column":28},"end":{"line":40,"column":42}},"21":{"start":{"line":41,"column":24},"end":{"line":41,"column":null}},"22":{"start":{"line":43,"column":10},"end":{"line":43,"column":14}},"23":{"start":{"line":45,"column":10},"end":{"line":49,"column":null}},"24":{"start":{"line":46,"column":12},"end":{"line":46,"column":16}},"25":{"start":{"line":48,"column":12},"end":{"line":48,"column":16}},"26":{"start":{"line":54,"column":4},"end":{"line":54,"column":null}},"27":{"start":{"line":62,"column":24},"end":{"line":62,"column":25}}},"fnMap":{"0":{"name":"followLinkReducer","decl":{"start":{"line":10,"column":9},"end":{"line":10,"column":27}},"loc":{"start":{"line":10,"column":42},"end":{"line":60,"column":null}}},"1":{"name":"(anonymous_9)","decl":{"start":{"line":14,"column":25},"end":{"line":14,"column":31}},"loc":{"start":{"line":14,"column":31},"end":{"line":17,"column":null}}},"2":{"name":"(anonymous_10)","decl":{"start":{"line":33,"column":38},"end":{"line":33,"column":40}},"loc":{"start":{"line":33,"column":56},"end":{"line":51,"column":null}}}},"branchMap":{"0":{"loc":{"start":{"line":11,"column":2},"end":{"line":59,"column":null}},"type":"if","locations":[{"start":{"line":11,"column":2},"end":{"line":59,"column":null}},{"start":{"line":11,"column":2},"end":{"line":59,"column":null}}]},"1":{"loc":{"start":{"line":23,"column":6},"end":{"line":29,"column":null}},"type":"if","locations":[{"start":{"line":23,"column":6},"end":{"line":29,"column":null}},{"start":{"line":23,"column":6},"end":{"line":29,"column":null}}]},"2":{"loc":{"start":{"line":32,"column":4},"end":{"line":52,"column":null}},"type":"if","locations":[{"start":{"line":32,"column":4},"end":{"line":52,"column":null}},{"start":{"line":32,"column":4},"end":{"line":52,"column":null}}]},"3":{"loc":{"start":{"line":35,"column":8},"end":{"line":50,"column":null}},"type":"if","locations":[{"start":{"line":35,"column":8},"end":{"line":50,"column":null}},{"start":{"line":35,"column":8},"end":{"line":50,"column":null}}]},"4":{"loc":{"start":{"line":36,"column":10},"end":{"line":38,"column":null}},"type":"if","locations":[{"start":{"line":36,"column":10},"end":{"line":38,"column":null}},{"start":{"line":36,"column":10},"end":{"line":38,"column":null}}]},"5":{"loc":{"start":{"line":39,"column":55},"end":{"line":39,"column":60}},"type":"cond-expr","locations":[{"start":{"line":39,"column":55},"end":{"line":39,"column":60}},{"start":{"line":39,"column":60},"end":{"line":39,"column":null}}]},"6":{"loc":{"start":{"line":45,"column":10},"end":{"line":49,"column":null}},"type":"if","locations":[{"start":{"line":45,"column":10},"end":{"line":49,"column":null}},{"start":{"line":45,"column":10},"end":{"line":49,"column":null}}]}},"s":{"0":1,"1":1,"2":7,"3":7,"4":7,"5":7,"6":7,"7":7,"8":7,"9":7,"10":3,"11":0,"12":7,"13":4,"14":36,"15":12,"16":12,"17":8,"18":8,"19":8,"20":8,"21":8,"22":8,"23":4,"24":0,"25":4,"26":7,"27":1},"f":{"0":7,"1":7,"2":12},"b":{"0":[7,0],"1":[0,3],"2":[4,3],"3":[8,4],"4":[8,0],"5":[4,4],"6":[0,4]}}
,"/Users/stevewashington/Documents/Projects/genmo-v2/src/state/statefulComponent.js": {"path":"/Users/stevewashington/Documents/Projects/genmo-v2/src/state/statefulComponent.js","statementMap":{"0":{"start":{"line":2,"column":43},"end":{"line":2,"column":33}},"1":{"start":{"line":2,"column":43},"end":{"line":2,"column":null}},"2":{"start":{"line":3,"column":4},"end":{"line":3,"column":9}},"3":{"start":{"line":4,"column":4},"end":{"line":4,"column":9}},"4":{"start":{"line":5,"column":4},"end":{"line":5,"column":9}},"5":{"start":{"line":6,"column":4},"end":{"line":6,"column":9}},"6":{"start":{"line":9,"column":4},"end":{"line":9,"column":30}},"7":{"start":{"line":9,"column":28},"end":{"line":9,"column":30}},"8":{"start":{"line":11,"column":4},"end":{"line":11,"column":9}},"9":{"start":{"line":13,"column":15},"end":{"line":13,"column":19}},"10":{"start":{"line":16,"column":4},"end":{"line":18,"column":null}},"11":{"start":{"line":17,"column":6},"end":{"line":17,"column":14}},"12":{"start":{"line":19,"column":4},"end":{"line":19,"column":9}},"13":{"start":{"line":24,"column":4},"end":{"line":24,"column":9}},"14":{"start":{"line":26,"column":46},"end":{"line":26,"column":null}},"15":{"start":{"line":27,"column":23},"end":{"line":27,"column":null}},"16":{"start":{"line":28,"column":4},"end":{"line":28,"column":9}},"17":{"start":{"line":29,"column":6},"end":{"line":29,"column":10}},"18":{"start":{"line":31,"column":4},"end":{"line":31,"column":9}},"19":{"start":{"line":26,"column":32},"end":{"line":26,"column":null}},"20":{"start":{"line":33,"column":4},"end":{"line":33,"column":9}},"21":{"start":{"line":35,"column":32},"end":{"line":35,"column":null}},"22":{"start":{"line":35,"column":26},"end":{"line":35,"column":null}},"23":{"start":{"line":36,"column":4},"end":{"line":36,"column":48}},"24":{"start":{"line":36,"column":40},"end":{"line":36,"column":48}},"25":{"start":{"line":40,"column":15},"end":{"line":40,"column":null}}},"fnMap":{"0":{"name":"StatefulComponent","decl":{"start":{"line":2,"column":2},"end":{"line":2,"column":14}},"loc":{"start":{"line":2,"column":43},"end":{"line":7,"column":null}}},"1":{"name":"(anonymous_10)","decl":{"start":{"line":13,"column":14},"end":{"line":13,"column":15}},"loc":{"start":{"line":13,"column":15},"end":{"line":13,"column":19}}},"2":{"name":"(anonymous_13)","decl":{"start":{"line":28,"column":26},"end":{"line":28,"column":27}},"loc":{"start":{"line":28,"column":31},"end":{"line":30,"column":null}}}},"branchMap":{"0":{"loc":{"start":{"line":2,"column":43},"end":{"line":2,"column":null}},"type":"cond-expr","locations":[{"start":{"line":2,"column":43},"end":{"line":2,"column":null}},{"start":{"line":2,"column":29},"end":{"line":2,"column":33}}]},"1":{"loc":{"start":{"line":2,"column":43},"end":{"line":2,"column":null}},"type":"binary-expr","locations":[{"start":{"line":2,"column":43},"end":{"line":2,"column":null}},{"start":{"line":2,"column":43},"end":{"line":2,"column":null}}]},"2":{"loc":{"start":{"line":9,"column":4},"end":{"line":9,"column":30}},"type":"if","locations":[{"start":{"line":9,"column":4},"end":{"line":9,"column":30}},{"start":{"line":9,"column":4},"end":{"line":9,"column":30}}]},"3":{"loc":{"start":{"line":16,"column":4},"end":{"line":18,"column":null}},"type":"if","locations":[{"start":{"line":16,"column":4},"end":{"line":18,"column":null}},{"start":{"line":16,"column":4},"end":{"line":18,"column":null}}]},"4":{"loc":{"start":{"line":26,"column":46},"end":{"line":26,"column":null}},"type":"cond-expr","locations":[{"start":{"line":26,"column":46},"end":{"line":26,"column":null}},{"start":{"line":26,"column":46},"end":{"line":26,"column":null}}]},"5":{"loc":{"start":{"line":35,"column":32},"end":{"line":35,"column":null}},"type":"cond-expr","locations":[{"start":{"line":35,"column":32},"end":{"line":35,"column":null}},{"start":{"line":35,"column":32},"end":{"line":35,"column":null}}]},"6":{"loc":{"start":{"line":36,"column":4},"end":{"line":36,"column":48}},"type":"if","locations":[{"start":{"line":36,"column":4},"end":{"line":36,"column":48}},{"start":{"line":36,"column":4},"end":{"line":36,"column":48}}]}},"s":{"0":11,"1":22,"2":11,"3":11,"4":11,"5":11,"6":11,"7":0,"8":11,"9":11,"10":7,"11":0,"12":7,"13":7,"14":35,"15":7,"16":7,"17":7,"18":7,"19":0,"20":7,"21":56,"22":0,"23":14,"24":0,"25":1},"f":{"0":11,"1":11,"2":7},"b":{"0":[11,0],"1":[22,11],"2":[0,11],"3":[0,7],"4":[0,7],"5":[0,14],"6":[0,14]}}
,"/Users/stevewashington/Documents/Projects/genmo-v2/src/utils/errors.js": {"path":"/Users/stevewashington/Documents/Projects/genmo-v2/src/utils/errors.js","statementMap":{"0":{"start":{"line":1,"column":15},"end":{"line":18,"column":1}}},"fnMap":{},"branchMap":{},"s":{"0":1},"f":{},"b":{},"_coverageSchema":"43e27e138ebf9cfc5966b082cf9a028302ed4184","hash":"2be2ae815adeb84f1bba5f97ab9e5816fd3c7311"}
,"/Users/stevewashington/Documents/Projects/genmo-v2/src/utils/index.js": {"path":"/Users/stevewashington/Documents/Projects/genmo-v2/src/utils/index.js","statementMap":{},"fnMap":{},"branchMap":{},"s":{},"f":{},"b":{},"_coverageSchema":"43e27e138ebf9cfc5966b082cf9a028302ed4184","hash":"c6e0512d0e770f4698cd9dc1ec525a3119405f9d"}
,"/Users/stevewashington/Documents/Projects/genmo-v2/src/utils/linkFilter.js": {"path":"/Users/stevewashington/Documents/Projects/genmo-v2/src/utils/linkFilter.js","statementMap":{"0":{"start":{"line":1,"column":24},"end":{"line":1,"column":42}},"1":{"start":{"line":3,"column":24},"end":{"line":3,"column":50}},"2":{"start":{"line":5,"column":23},"end":{"line":42,"column":1}},"3":{"start":{"line":6,"column":2},"end":{"line":41,"column":3}},"4":{"start":{"line":8,"column":6},"end":{"line":10,"column":7}},"5":{"start":{"line":9,"column":8},"end":{"line":9,"column":20}},"6":{"start":{"line":13,"column":6},"end":{"line":15,"column":7}},"7":{"start":{"line":14,"column":8},"end":{"line":14,"column":20}},"8":{"start":{"line":18,"column":6},"end":{"line":20,"column":7}},"9":{"start":{"line":19,"column":8},"end":{"line":19,"column":20}},"10":{"start":{"line":23,"column":6},"end":{"line":25,"column":7}},"11":{"start":{"line":24,"column":8},"end":{"line":24,"column":20}},"12":{"start":{"line":28,"column":6},"end":{"line":30,"column":7}},"13":{"start":{"line":29,"column":8},"end":{"line":29,"column":20}},"14":{"start":{"line":34,"column":6},"end":{"line":36,"column":7}},"15":{"start":{"line":35,"column":8},"end":{"line":35,"column":20}},"16":{"start":{"line":39,"column":6},"end":{"line":39,"column":18}},"17":{"start":{"line":44,"column":19},"end":{"line":74,"column":1}},"18":{"start":{"line":45,"column":23},"end":{"line":45,"column":34}},"19":{"start":{"line":46,"column":24},"end":{"line":46,"column":53}},"20":{"start":{"line":48,"column":2},"end":{"line":48,"column":52}},"21":{"start":{"line":48,"column":32},"end":{"line":48,"column":52}},"22":{"start":{"line":50,"column":19},"end":{"line":50,"column":35}},"23":{"start":{"line":57,"column":6},"end":{"line":57,"column":45}},"24":{"start":{"line":59,"column":2},"end":{"line":59,"column":31}},"25":{"start":{"line":61,"column":2},"end":{"line":63,"column":3}},"26":{"start":{"line":62,"column":4},"end":{"line":62,"column":16}},"27":{"start":{"line":65,"column":2},"end":{"line":69,"column":3}},"28":{"start":{"line":66,"column":4},"end":{"line":68,"column":5}},"29":{"start":{"line":67,"column":6},"end":{"line":67,"column":18}},"30":{"start":{"line":71,"column":2},"end":{"line":73,"column":11}}},"fnMap":{"0":{"name":"(anonymous_0)","decl":{"start":{"line":5,"column":23},"end":{"line":5,"column":24}},"loc":{"start":{"line":5,"column":62},"end":{"line":42,"column":1}},"line":5},"1":{"name":"(anonymous_1)","decl":{"start":{"line":44,"column":19},"end":{"line":44,"column":20}},"loc":{"start":{"line":44,"column":35},"end":{"line":74,"column":1}},"line":44}},"branchMap":{"0":{"loc":{"start":{"line":6,"column":2},"end":{"line":41,"column":3}},"type":"switch","locations":[{"start":{"line":7,"column":4},"end":{"line":11,"column":5}},{"start":{"line":12,"column":4},"end":{"line":16,"column":5}},{"start":{"line":17,"column":4},"end":{"line":21,"column":5}},{"start":{"line":22,"column":4},"end":{"line":26,"column":5}},{"start":{"line":27,"column":4},"end":{"line":31,"column":5}},{"start":{"line":32,"column":4},"end":{"line":37,"column":5}},{"start":{"line":38,"column":4},"end":{"line":40,"column":5}}],"line":6},"1":{"loc":{"start":{"line":8,"column":6},"end":{"line":10,"column":7}},"type":"if","locations":[{"start":{"line":8,"column":6},"end":{"line":10,"column":7}},{"start":{"line":8,"column":6},"end":{"line":10,"column":7}}],"line":8},"2":{"loc":{"start":{"line":13,"column":6},"end":{"line":15,"column":7}},"type":"if","locations":[{"start":{"line":13,"column":6},"end":{"line":15,"column":7}},{"start":{"line":13,"column":6},"end":{"line":15,"column":7}}],"line":13},"3":{"loc":{"start":{"line":18,"column":6},"end":{"line":20,"column":7}},"type":"if","locations":[{"start":{"line":18,"column":6},"end":{"line":20,"column":7}},{"start":{"line":18,"column":6},"end":{"line":20,"column":7}}],"line":18},"4":{"loc":{"start":{"line":23,"column":6},"end":{"line":25,"column":7}},"type":"if","locations":[{"start":{"line":23,"column":6},"end":{"line":25,"column":7}},{"start":{"line":23,"column":6},"end":{"line":25,"column":7}}],"line":23},"5":{"loc":{"start":{"line":28,"column":6},"end":{"line":30,"column":7}},"type":"if","locations":[{"start":{"line":28,"column":6},"end":{"line":30,"column":7}},{"start":{"line":28,"column":6},"end":{"line":30,"column":7}}],"line":28},"6":{"loc":{"start":{"line":34,"column":6},"end":{"line":36,"column":7}},"type":"if","locations":[{"start":{"line":34,"column":6},"end":{"line":36,"column":7}},{"start":{"line":34,"column":6},"end":{"line":36,"column":7}}],"line":34},"7":{"loc":{"start":{"line":48,"column":2},"end":{"line":48,"column":52}},"type":"if","locations":[{"start":{"line":48,"column":2},"end":{"line":48,"column":52}},{"start":{"line":48,"column":2},"end":{"line":48,"column":52}}],"line":48},"8":{"loc":{"start":{"line":61,"column":2},"end":{"line":63,"column":3}},"type":"if","locations":[{"start":{"line":61,"column":2},"end":{"line":63,"column":3}},{"start":{"line":61,"column":2},"end":{"line":63,"column":3}}],"line":61},"9":{"loc":{"start":{"line":65,"column":2},"end":{"line":69,"column":3}},"type":"if","locations":[{"start":{"line":65,"column":2},"end":{"line":69,"column":3}},{"start":{"line":65,"column":2},"end":{"line":69,"column":3}}],"line":65},"10":{"loc":{"start":{"line":66,"column":4},"end":{"line":68,"column":5}},"type":"if","locations":[{"start":{"line":66,"column":4},"end":{"line":68,"column":5}},{"start":{"line":66,"column":4},"end":{"line":68,"column":5}}],"line":66},"11":{"loc":{"start":{"line":66,"column":8},"end":{"line":66,"column":59}},"type":"binary-expr","locations":[{"start":{"line":66,"column":8},"end":{"line":66,"column":37}},{"start":{"line":66,"column":41},"end":{"line":66,"column":59}}],"line":66},"12":{"loc":{"start":{"line":71,"column":9},"end":{"line":73,"column":10}},"type":"cond-expr","locations":[{"start":{"line":72,"column":6},"end":{"line":72,"column":18}},{"start":{"line":73,"column":6},"end":{"line":73,"column":10}}],"line":71}},"s":{"0":1,"1":1,"2":1,"3":0,"4":0,"5":0,"6":0,"7":0,"8":0,"9":0,"10":0,"11":0,"12":0,"13":0,"14":0,"15":0,"16":0,"17":1,"18":0,"19":0,"20":0,"21":0,"22":0,"23":0,"24":0,"25":0,"26":0,"27":0,"28":0,"29":0,"30":0},"f":{"0":0,"1":0},"b":{"0":[0,0,0,0,0,0,0],"1":[0,0],"2":[0,0],"3":[0,0],"4":[0,0],"5":[0,0],"6":[0,0],"7":[0,0],"8":[0,0],"9":[0,0],"10":[0,0],"11":[0,0],"12":[0,0]},"_coverageSchema":"43e27e138ebf9cfc5966b082cf9a028302ed4184","hash":"1c36126cc03f2161ebd978ff3167942d162a861c"}
,"/Users/stevewashington/Documents/Projects/genmo-v2/src/utils/replaceVariables.js": {"path":"/Users/stevewashington/Documents/Projects/genmo-v2/src/utils/replaceVariables.js","statementMap":{"0":{"start":{"line":1,"column":29},"end":{"line":1,"column":52}},"1":{"start":{"line":2,"column":25},"end":{"line":6,"column":1}},"2":{"start":{"line":3,"column":2},"end":{"line":5,"column":5}},"3":{"start":{"line":4,"column":4},"end":{"line":4,"column":40}}},"fnMap":{"0":{"name":"(anonymous_0)","decl":{"start":{"line":2,"column":25},"end":{"line":2,"column":26}},"loc":{"start":{"line":2,"column":60},"end":{"line":6,"column":1}},"line":2},"1":{"name":"(anonymous_1)","decl":{"start":{"line":3,"column":40},"end":{"line":3,"column":41}},"loc":{"start":{"line":3,"column":60},"end":{"line":5,"column":3}},"line":3}},"branchMap":{"0":{"loc":{"start":{"line":2,"column":26},"end":{"line":2,"column":38}},"type":"default-arg","locations":[{"start":{"line":2,"column":36},"end":{"line":2,"column":38}}],"line":2},"1":{"loc":{"start":{"line":2,"column":40},"end":{"line":2,"column":55}},"type":"default-arg","locations":[{"start":{"line":2,"column":53},"end":{"line":2,"column":55}}],"line":2},"2":{"loc":{"start":{"line":4,"column":11},"end":{"line":4,"column":39}},"type":"binary-expr","locations":[{"start":{"line":4,"column":11},"end":{"line":4,"column":30}},{"start":{"line":4,"column":34},"end":{"line":4,"column":39}}],"line":4}},"s":{"0":1,"1":1,"2":0,"3":0},"f":{"0":0,"1":0},"b":{"0":[0],"1":[0],"2":[0,0]},"_coverageSchema":"43e27e138ebf9cfc5966b082cf9a028302ed4184","hash":"fa53bd3c96972a37f099b702c8faa5b68cf08a18"}
}
