TN:
SF:/Users/stevewashington/Documents/Projects/genmo-v2/__tests__/stories/index.js
FNF:0
FNH:0
DA:1,1
DA:2,1
DA:4,1
LF:3
LH:3
BRF:0
BRH:0
end_of_record
TN:
SF:/Users/stevewashington/Documents/Projects/genmo-v2/src/index.js
FN:6,Genmo
FN:10,(anonymous_20)
FN:14,(anonymous_21)
FN:41,(anonymous_24)
FN:42,(anonymous_25)
FN:66,(anonymous_28)
FN:75,(anonymous_29)
FNF:7
FNH:7
FNDA:11,Genmo
FNDA:11,(anonymous_20)
FNDA:10,(anonymous_21)
FNDA:24,(anonymous_24)
FNDA:24,(anonymous_25)
FNDA:15,(anonymous_28)
FNDA:15,(anonymous_29)
DA:1,1
DA:2,1
DA:3,1
DA:6,21
DA:7,11
DA:11,11
DA:12,1
DA:14,10
DA:21,11
DA:22,1
DA:25,10
DA:27,10
DA:31,6
DA:33,6
DA:34,6
DA:38,6
DA:40,6
DA:41,24
DA:42,24
DA:44,6
DA:47,6
DA:48,6
DA:49,6
DA:51,6
DA:53,28
DA:54,9
DA:55,1
DA:61,8
DA:62,8
DA:63,1
DA:66,15
DA:67,8
DA:68,1
DA:74,7
DA:75,15
DA:77,7
DA:78,0
DA:86,7
LF:38
LH:37
BRDA:6,0,0,9
BRDA:6,0,1,2
BRDA:6,1,0,11
BRDA:6,1,1,9
BRDA:11,2,0,1
BRDA:11,2,1,10
BRDA:11,3,0,11
BRDA:11,3,1,10
BRDA:11,3,2,10
BRDA:21,4,0,1
BRDA:21,4,1,10
BRDA:21,5,0,11
BRDA:21,5,1,10
BRDA:21,5,2,10
BRDA:26,6,0,10
BRDA:26,6,1,1
BRDA:26,6,2,1
BRDA:26,6,3,0
BRDA:28,7,0,10
BRDA:28,7,1,1
BRDA:28,7,2,1
BRDA:28,7,3,0
BRDA:47,8,0,0
BRDA:47,8,1,6
BRDA:47,9,0,6
BRDA:47,9,1,6
BRDA:54,10,0,1
BRDA:54,10,1,8
BRDA:62,11,0,1
BRDA:62,11,1,7
BRDA:67,12,0,1
BRDA:67,12,1,7
BRDA:77,13,0,0
BRDA:77,13,1,7
BRDA:53,14,0,0
BRDA:53,14,1,7
BRF:36
BRH:31
end_of_record
TN:
SF:/Users/stevewashington/Documents/Projects/genmo-v2/src/state/genmoReducers.js
FN:10,followLinkReducer
FN:14,(anonymous_9)
FN:33,(anonymous_10)
FNF:3
FNH:3
FNDA:7,followLinkReducer
FNDA:7,(anonymous_9)
FNDA:12,(anonymous_10)
DA:1,1
DA:8,1
DA:11,7
DA:12,7
DA:13,7
DA:14,7
DA:15,7
DA:16,7
DA:20,7
DA:21,7
DA:23,3
DA:24,0
DA:32,7
DA:33,36
DA:34,12
DA:35,12
DA:36,8
DA:37,8
DA:39,8
DA:40,8
DA:41,8
DA:43,8
DA:45,4
DA:46,0
DA:48,4
DA:54,7
DA:62,1
LF:27
LH:25
BRDA:11,0,0,7
BRDA:11,0,1,0
BRDA:23,1,0,0
BRDA:23,1,1,3
BRDA:32,2,0,4
BRDA:32,2,1,3
BRDA:35,3,0,8
BRDA:35,3,1,4
BRDA:36,4,0,8
BRDA:36,4,1,0
BRDA:39,5,0,4
BRDA:39,5,1,4
BRDA:45,6,0,0
BRDA:45,6,1,4
BRF:14
BRH:10
end_of_record
TN:
SF:/Users/stevewashington/Documents/Projects/genmo-v2/src/state/statefulComponent.js
FN:2,StatefulComponent
FN:13,(anonymous_10)
FN:28,(anonymous_13)
FNF:3
FNH:3
FNDA:11,StatefulComponent
FNDA:11,(anonymous_10)
FNDA:7,(anonymous_13)
DA:2,22
DA:3,11
DA:4,11
DA:5,11
DA:6,11
DA:9,11
DA:11,11
DA:13,11
DA:16,7
DA:17,0
DA:19,7
DA:24,7
DA:26,35
DA:27,7
DA:28,7
DA:29,7
DA:31,7
DA:33,7
DA:35,56
DA:36,14
DA:40,1
LF:21
LH:20
BRDA:2,0,0,11
BRDA:2,0,1,0
BRDA:2,1,0,22
BRDA:2,1,1,11
BRDA:9,2,0,0
BRDA:9,2,1,11
BRDA:16,3,0,0
BRDA:16,3,1,7
BRDA:26,4,0,0
BRDA:26,4,1,7
BRDA:35,5,0,0
BRDA:35,5,1,14
BRDA:36,6,0,0
BRDA:36,6,1,14
BRF:14
BRH:8
end_of_record
TN:
SF:/Users/stevewashington/Documents/Projects/genmo-v2/src/utils/errors.js
FNF:0
FNH:0
DA:1,1
LF:1
LH:1
BRF:0
BRH:0
end_of_record
TN:
SF:/Users/stevewashington/Documents/Projects/genmo-v2/src/utils/index.js
FNF:0
FNH:0
LF:0
LH:0
BRF:0
BRH:0
end_of_record
TN:
SF:/Users/stevewashington/Documents/Projects/genmo-v2/src/utils/linkFilter.js
FN:5,(anonymous_0)
FN:44,(anonymous_1)
FNF:2
FNH:0
FNDA:0,(anonymous_0)
FNDA:0,(anonymous_1)
DA:1,1
DA:3,1
DA:5,1
DA:6,0
DA:8,0
DA:9,0
DA:13,0
DA:14,0
DA:18,0
DA:19,0
DA:23,0
DA:24,0
DA:28,0
DA:29,0
DA:34,0
DA:35,0
DA:39,0
DA:44,1
DA:45,0
DA:46,0
DA:48,0
DA:50,0
DA:57,0
DA:59,0
DA:61,0
DA:62,0
DA:65,0
DA:66,0
DA:67,0
DA:71,0
LF:30
LH:4
BRDA:6,0,0,0
BRDA:6,0,1,0
BRDA:6,0,2,0
BRDA:6,0,3,0
BRDA:6,0,4,0
BRDA:6,0,5,0
BRDA:6,0,6,0
BRDA:8,1,0,0
BRDA:8,1,1,0
BRDA:13,2,0,0
BRDA:13,2,1,0
BRDA:18,3,0,0
BRDA:18,3,1,0
BRDA:23,4,0,0
BRDA:23,4,1,0
BRDA:28,5,0,0
BRDA:28,5,1,0
BRDA:34,6,0,0
BRDA:34,6,1,0
BRDA:48,7,0,0
BRDA:48,7,1,0
BRDA:61,8,0,0
BRDA:61,8,1,0
BRDA:65,9,0,0
BRDA:65,9,1,0
BRDA:66,10,0,0
BRDA:66,10,1,0
BRDA:66,11,0,0
BRDA:66,11,1,0
BRDA:71,12,0,0
BRDA:71,12,1,0
BRF:31
BRH:0
end_of_record
TN:
SF:/Users/stevewashington/Documents/Projects/genmo-v2/src/utils/replaceVariables.js
FN:2,(anonymous_0)
FN:3,(anonymous_1)
FNF:2
FNH:0
FNDA:0,(anonymous_0)
FNDA:0,(anonymous_1)
DA:1,1
DA:2,1
DA:3,0
DA:4,0
LF:4
LH:2
BRDA:2,0,0,0
BRDA:2,1,0,0
BRDA:4,2,0,0
BRDA:4,2,1,0
BRF:4
BRH:0
end_of_record
